[
  {
    "process_id": "5420",
    "process_name": "cscript.exe",
    "process_exec": "cscript.exe",
    "process_path": "C:\\Windows\\System32\\cscript.exe",
    "parent_process_name": "",
    "parent_process_exec": "",
    "host": "WIN01",
    "source": "XmlWinEventLog:Microsoft-Windows-Sysmon/Operational",
    "signature": "DNS Query",
    "signature_id": "22",
    "query": "amg.haifa.ibm.com",
    "answer": [
      "9.148.29.199",
      "9.148.29.198",
      "9.148.29.197"
    ],
    "_bkt": "main~13~01865622-E388-4D42-93EA-81D878D7EE08",
    "_cd": "13:790664",
    "_indextime": "1611053086",
    "_kv": "1",
    "_raw": "<Event xmlns='http://schemas.microsoft.com/win/2004/08/events/event'><System><Provider Name='Microsoft-Windows-Sysmon' Guid='{5770385f-c22a-43e0-bf4c-06f5698ffbd9}'/><EventID>22</EventID><Version>5</Version><Level>4</Level><Task>22</Task><Opcode>0</Opcode><Keywords>0x8000000000000000</Keywords><TimeCreated SystemTime='2021-01-19T10:44:45.737957400Z'/><EventRecordID>528548</EventRecordID><Correlation/><Execution ProcessID='3252' ThreadID='4904'/><Channel>Microsoft-Windows-Sysmon/Operational</Channel><Computer>win01.sl.cloud9.ibm.com</Computer><Security UserID='S-1-5-18'/></System><EventData><Data Name='RuleName'>-</Data><Data Name='UtcTime'>2021-01-19 10:44:46.179</Data><Data Name='ProcessGuid'>{077e539d-b81b-6006-3a2f-000000001b00}</Data><Data Name='ProcessId'>5420</Data><Data Name='QueryName'>amg.haifa.ibm.com</Data><Data Name='QueryStatus'>0</Data><Data Name='QueryResults'>type:  5 amg.apps.hrl41.openshift.haifa.ibm.com;::ffff:9.148.29.199;::ffff:9.148.29.198;::ffff:9.148.29.197;</Data><Data Name='Image'>C:\\Windows\\System32\\cscript.exe</Data></EventData></Event>",
    "_serial": "1",
    "_si": [
      "bgu-farsight2",
      "main"
    ],
    "_sourcetype": "XmlWinEventLog:Microsoft-Windows-Sysmon/Operational",
    "_time": "2021-01-19T12:44:45.000+02:00"
  },
  {
    "process_id": "5020",
    "process_name": "&lt;unknown process&gt;",
    "process_exec": "&lt;unknown process&gt;",
    "process_path": "&lt;unknown process&gt;",
    "parent_process_name": "",
    "parent_process_exec": "",
    "host": "WIN01",
    "source": "XmlWinEventLog:Microsoft-Windows-Sysmon/Operational",
    "signature": "DNS Query",
    "signature_id": "22",
    "query": "amg.haifa.ibm.com",
    "answer": [
      "9.148.29.199",
      "9.148.29.198",
      "9.148.29.197"
    ],
    "_bkt": "main~13~01865622-E388-4D42-93EA-81D878D7EE08",
    "_cd": "13:784253",
    "_indextime": "1611052448",
    "_kv": "1",
    "_raw": "<Event xmlns='http://schemas.microsoft.com/win/2004/08/events/event'><System><Provider Name='Microsoft-Windows-Sysmon' Guid='{5770385f-c22a-43e0-bf4c-06f5698ffbd9}'/><EventID>22</EventID><Version>5</Version><Level>4</Level><Task>22</Task><Opcode>0</Opcode><Keywords>0x8000000000000000</Keywords><TimeCreated SystemTime='2021-01-19T10:34:07.434994700Z'/><EventRecordID>528446</EventRecordID><Correlation/><Execution ProcessID='3252' ThreadID='4904'/><Channel>Microsoft-Windows-Sysmon/Operational</Channel><Computer>win01.sl.cloud9.ibm.com</Computer><Security UserID='S-1-5-18'/></System><EventData><Data Name='RuleName'>-</Data><Data Name='UtcTime'>2021-01-19 10:34:06.625</Data><Data Name='ProcessGuid'>{00000000-0000-0000-0000-000000000000}</Data><Data Name='ProcessId'>5020</Data><Data Name='QueryName'>amg.haifa.ibm.com</Data><Data Name='QueryStatus'>0</Data><Data Name='QueryResults'>type:  5 amg.apps.hrl41.openshift.haifa.ibm.com;::ffff:9.148.29.199;::ffff:9.148.29.198;::ffff:9.148.29.197;</Data><Data Name='Image'>&lt;unknown process&gt;</Data></EventData></Event>",
    "_serial": "2",
    "_si": [
      "bgu-farsight2",
      "main"
    ],
    "_sourcetype": "XmlWinEventLog:Microsoft-Windows-Sysmon/Operational",
    "_time": "2021-01-19T12:34:07.000+02:00"
  },
  {
    "src_ip": "9.148.244.42",
    "src_port": "56109",
    "dest_ip": "9.148.3.121",
    "dest_port": "9389",
    "user": "SYSTEM",
    "protocol": "-",
    "process_id": "912",
    "process_name": "powershell.exe",
    "process_exec": "powershell.exe",
    "process_path": "C:\\Windows\\System32\\WindowsPowerShell\\v1.0\\powershell.exe",
    "host": "WIN01",
    "source": "XmlWinEventLog:Microsoft-Windows-Sysmon/Operational",
    "signature": "Network Connect",
    "signature_id": "3",
    "_bkt": "main~13~01865622-E388-4D42-93EA-81D878D7EE08",
    "_cd": "13:783766",
    "_indextime": "1611052433",
    "_kv": "1",
    "_raw": "<Event xmlns='http://schemas.microsoft.com/win/2004/08/events/event'><System><Provider Name='Microsoft-Windows-Sysmon' Guid='{5770385f-c22a-43e0-bf4c-06f5698ffbd9}'/><EventID>3</EventID><Version>5</Version><Level>4</Level><Task>3</Task><Opcode>0</Opcode><Keywords>0x8000000000000000</Keywords><TimeCreated SystemTime='2021-01-19T10:33:52.194972300Z'/><EventRecordID>528438</EventRecordID><Correlation/><Execution ProcessID='3252' ThreadID='4460'/><Channel>Microsoft-Windows-Sysmon/Operational</Channel><Computer>win01.sl.cloud9.ibm.com</Computer><Security UserID='S-1-5-18'/></System><EventData><Data Name='RuleName'>-</Data><Data Name='UtcTime'>2021-01-19 10:33:52.142</Data><Data Name='ProcessGuid'>{077e539d-b586-6006-ca2e-000000001b00}</Data><Data Name='ProcessId'>912</Data><Data Name='Image'>C:\\Windows\\System32\\WindowsPowerShell\\v1.0\\powershell.exe</Data><Data Name='User'>NT AUTHORITY\\SYSTEM</Data><Data Name='Protocol'>tcp</Data><Data Name='Initiated'>true</Data><Data Name='SourceIsIpv6'>false</Data><Data Name='SourceIp'>9.148.244.42</Data><Data Name='SourceHostname'>win01.sl.cloud9.ibm.com</Data><Data Name='SourcePort'>56109</Data><Data Name='SourcePortName'>-</Data><Data Name='DestinationIsIpv6'>false</Data><Data Name='DestinationIp'>9.148.3.121</Data><Data Name='DestinationHostname'>haifadc02.haifa.ibm.com</Data><Data Name='DestinationPort'>9389</Data><Data Name='DestinationPortName'>-</Data></EventData></Event>",
    "_serial": "3",
    "_si": [
      "bgu-farsight2",
      "main"
    ],
    "_sourcetype": "XmlWinEventLog:Microsoft-Windows-Sysmon/Operational",
    "_time": "2021-01-19T12:33:52.000+02:00"
  },
  {
    "user": "SYSTEM",
    "process": "\"C:\\Program Files\\SplunkUniversalForwarder\\bin\\splunk-admon.exe\"",
    "process_id": "2708",
    "process_name": "splunk-admon.exe",
    "process_exec": "splunk-admon.exe",
    "process_path": "C:\\Program Files\\SplunkUniversalForwarder\\bin\\splunk-admon.exe",
    "process_hash": "MD5=5A0B0E6F407C89916515328F318842A1,SHA256=8FC86B75926043F048971696BC7A407615C9A03D9B1BFACC54785C8903B82A91,IMPHASH=406DD24835F1447987FB607C78597252",
    "parent_process": "\"C:\\Program Files\\SplunkUniversalForwarder\\bin\\splunkd.exe\" service",
    "parent_process_id": "3260",
    "parent_process_name": "splunkd.exe",
    "parent_process_exec": "splunkd.exe",
    "host": "WIN01",
    "source": "XmlWinEventLog:Microsoft-Windows-Sysmon/Operational",
    "signature": "Process Create",
    "signature_id": "1",
    "_bkt": "main~13~01865622-E388-4D42-93EA-81D878D7EE08",
    "_cd": "13:826586",
    "_indextime": "1611057358",
    "_kv": "1",
    "_raw": "<Event xmlns='http://schemas.microsoft.com/win/2004/08/events/event'><System><Provider Name='Microsoft-Windows-Sysmon' Guid='{5770385f-c22a-43e0-bf4c-06f5698ffbd9}'/><EventID>1</EventID><Version>5</Version><Level>4</Level><Task>1</Task><Opcode>0</Opcode><Keywords>0x8000000000000000</Keywords><TimeCreated SystemTime='2021-01-19T11:55:57.860012600Z'/><EventRecordID>529129</EventRecordID><Correlation/><Execution ProcessID='3252' ThreadID='4872'/><Channel>Microsoft-Windows-Sysmon/Operational</Channel><Computer>win01.sl.cloud9.ibm.com</Computer><Security UserID='S-1-5-18'/></System><EventData><Data Name='RuleName'>-</Data><Data Name='UtcTime'>2021-01-19 11:55:57.852</Data><Data Name='ProcessGuid'>{077e539d-c8cd-6006-6831-000000001b00}</Data><Data Name='ProcessId'>2708</Data><Data Name='Image'>C:\\Program Files\\SplunkUniversalForwarder\\bin\\splunk-admon.exe</Data><Data Name='FileVersion'>8.1.1</Data><Data Name='Description'>Active Directory monitor</Data><Data Name='Product'>splunk Application</Data><Data Name='Company'>Splunk Inc.</Data><Data Name='OriginalFileName'>splunk-admon.exe</Data><Data Name='CommandLine'>\"C:\\Program Files\\SplunkUniversalForwarder\\bin\\splunk-admon.exe\"</Data><Data Name='CurrentDirectory'>C:\\Windows\\system32\\</Data><Data Name='User'>NT AUTHORITY\\SYSTEM</Data><Data Name='LogonGuid'>{077e539d-4303-6005-e703-000000000000}</Data><Data Name='LogonId'>0x3e7</Data><Data Name='TerminalSessionId'>0</Data><Data Name='IntegrityLevel'>System</Data><Data Name='Hashes'>MD5=5A0B0E6F407C89916515328F318842A1,SHA256=8FC86B75926043F048971696BC7A407615C9A03D9B1BFACC54785C8903B82A91,IMPHASH=406DD24835F1447987FB607C78597252</Data><Data Name='ParentProcessGuid'>{077e539d-4307-6005-4600-000000001b00}</Data><Data Name='ParentProcessId'>3260</Data><Data Name='ParentImage'>C:\\Program Files\\SplunkUniversalForwarder\\bin\\splunkd.exe</Data><Data Name='ParentCommandLine'>\"C:\\Program Files\\SplunkUniversalForwarder\\bin\\splunkd.exe\" service</Data></EventData></Event>",
    "_serial": "1",
    "_si": [
      "bgu-farsight2",
      "main"
    ],
    "_sourcetype": "XmlWinEventLog:Microsoft-Windows-Sysmon/Operational",
    "_time": "2021-01-19T13:55:57.000+02:00"
  },
  {
    "user": "SYSTEM",
    "process": "\"C:\\Program Files\\SplunkUniversalForwarder\\bin\\splunk-MonitorNoHandle.exe\"",
    "process_id": "6052",
    "process_name": "splunk-MonitorNoHandle.exe",
    "process_exec": "splunk-MonitorNoHandle.exe",
    "process_path": "C:\\Program Files\\SplunkUniversalForwarder\\bin\\splunk-MonitorNoHandle.exe",
    "process_hash": "MD5=F21962057F901E7D239E4B6411E6DF5D,SHA256=A86B5A835C0594F772DEBCAA08FD04FF1FDF9AA4A49B6E909CF31611B141B469,IMPHASH=8103D09BA53692C6685D058D295F7B21",
    "parent_process": "\"C:\\Program Files\\SplunkUniversalForwarder\\bin\\splunkd.exe\" service",
    "parent_process_id": "3260",
    "parent_process_name": "splunkd.exe",
    "parent_process_exec": "splunkd.exe",
    "host": "WIN01",
    "source": "XmlWinEventLog:Microsoft-Windows-Sysmon/Operational",
    "signature": "Process Create",
    "signature_id": "1",
    "_bkt": "main~13~01865622-E388-4D42-93EA-81D878D7EE08",
    "_cd": "13:826521",
    "_indextime": "1611057358",
    "_kv": "1",
    "_raw": "<Event xmlns='http://schemas.microsoft.com/win/2004/08/events/event'><System><Provider Name='Microsoft-Windows-Sysmon' Guid='{5770385f-c22a-43e0-bf4c-06f5698ffbd9}'/><EventID>1</EventID><Version>5</Version><Level>4</Level><Task>1</Task><Opcode>0</Opcode><Keywords>0x8000000000000000</Keywords><TimeCreated SystemTime='2021-01-19T11:55:57.358576800Z'/><EventRecordID>529128</EventRecordID><Correlation/><Execution ProcessID='3252' ThreadID='4872'/><Channel>Microsoft-Windows-Sysmon/Operational</Channel><Computer>win01.sl.cloud9.ibm.com</Computer><Security UserID='S-1-5-18'/></System><EventData><Data Name='RuleName'>-</Data><Data Name='UtcTime'>2021-01-19 11:55:57.351</Data><Data Name='ProcessGuid'>{077e539d-c8cd-6006-6731-000000001b00}</Data><Data Name='ProcessId'>6052</Data><Data Name='Image'>C:\\Program Files\\SplunkUniversalForwarder\\bin\\splunk-MonitorNoHandle.exe</Data><Data Name='FileVersion'>10.0.10011.16384</Data><Data Name='Description'>SplunkMonNoHandle Control Program</Data><Data Name='Product'>Windows (R) Win 7 DDK driver</Data><Data Name='Company'>Windows (R) Win 7 DDK provider</Data><Data Name='OriginalFileName'>SplunkMonNoHandle.exe</Data><Data Name='CommandLine'>\"C:\\Program Files\\SplunkUniversalForwarder\\bin\\splunk-MonitorNoHandle.exe\"</Data><Data Name='CurrentDirectory'>C:\\Windows\\system32\\</Data><Data Name='User'>NT AUTHORITY\\SYSTEM</Data><Data Name='LogonGuid'>{077e539d-4303-6005-e703-000000000000}</Data><Data Name='LogonId'>0x3e7</Data><Data Name='TerminalSessionId'>0</Data><Data Name='IntegrityLevel'>System</Data><Data Name='Hashes'>MD5=F21962057F901E7D239E4B6411E6DF5D,SHA256=A86B5A835C0594F772DEBCAA08FD04FF1FDF9AA4A49B6E909CF31611B141B469,IMPHASH=8103D09BA53692C6685D058D295F7B21</Data><Data Name='ParentProcessGuid'>{077e539d-4307-6005-4600-000000001b00}</Data><Data Name='ParentProcessId'>3260</Data><Data Name='ParentImage'>C:\\Program Files\\SplunkUniversalForwarder\\bin\\splunkd.exe</Data><Data Name='ParentCommandLine'>\"C:\\Program Files\\SplunkUniversalForwarder\\bin\\splunkd.exe\" service</Data></EventData></Event>",
    "_serial": "2",
    "_si": [
      "bgu-farsight2",
      "main"
    ],
    "_sourcetype": "XmlWinEventLog:Microsoft-Windows-Sysmon/Operational",
    "_time": "2021-01-19T13:55:57.000+02:00"
  }
]